This is pdfTeX, Version 3.14159265-2.6-1.40.20 (MiKTeX 2.9.7200 64-bit) (preloaded format=pdflatex 2019.11.11)  26 NOV 2019 01:18
entering extended mode
**c:/Github/5Semester/DSV/UE02/Assignment2_34.tex
(c:/Github/5Semester/DSV/UE02/Assignment2_34.tex
LaTeX2e <2019-10-01>
("C:\Program Files\MiKTeX 2.9\tex/latex/base\article.cls"
Document Class: article 2019/08/27 v1.4j Standard LaTeX document class
("C:\Program Files\MiKTeX 2.9\tex/latex/base\size12.clo"
File: size12.clo 2019/08/27 v1.4j Standard LaTeX file (size option)
)
\c@part=\count80
\c@section=\count81
\c@subsection=\count82
\c@subsubsection=\count83
\c@paragraph=\count84
\c@subparagraph=\count85
\c@figure=\count86
\c@table=\count87
\abovecaptionskip=\skip41
\belowcaptionskip=\skip42
\bibindent=\dimen102
) ("C:\Program Files\MiKTeX 2.9\tex/latex/graphics\graphicx.sty"
Package: graphicx 2017/06/01 v1.1a Enhanced LaTeX Graphics (DPC,SPQR)
 ("C:\Program Files\MiKTeX 2.9\tex/latex/graphics\keyval.sty"
Package: keyval 2014/10/28 v1.15 key=value parser (DPC)
\KV@toks@=\toks14
) ("C:\Program Files\MiKTeX 2.9\tex/latex/graphics\graphics.sty"
Package: graphics 2019/07/20 v1.3b Standard LaTeX Graphics (DPC,SPQR)
 ("C:\Program Files\MiKTeX 2.9\tex/latex/graphics\trig.sty"
Package: trig 2016/01/03 v1.10 sin cos tan (DPC)
) ("C:\Program Files\MiKTeX 2.9\tex/latex/graphics-cfg\graphics.cfg"
File: graphics.cfg 2016/06/04 v1.11 sample graphics configuration
)
Package graphics Info: Driver file: pdftex.def on input line 105.
 ("C:\Program Files\MiKTeX 2.9\tex/latex/graphics-def\pdftex.def"
File: pdftex.def 2018/01/08 v1.0l Graphics/color driver for pdftex
))
\Gin@req@height=\dimen103
\Gin@req@width=\dimen104
) ("C:\Program Files\MiKTeX 2.9\tex/generic/babel\babel.sty"
Package: babel 2019/09/27 3.34 The Babel package
 ("C:\Program Files\MiKTeX 2.9\tex/generic/babel\switch.def"
File: switch.def 2019/09/27 3.34 Babel switching mechanism
)
*************************************
* Local config file bblopts.cfg used
*
(C:\Users\bernh\AppData\Roaming\MiKTeX\2.9\tex/latex/arabi\bblopts.cfg
File: bblopts.cfg 2005/09/08 v0.1 add Arabic and Farsi to "declared" options of babel
) ("C:\Program Files\MiKTeX 2.9\tex/latex/babel-german\austrian.ldf"
Language: austrian 2018/12/08 v2.11 German support for babel (pre-1996 orthography)
 ("C:\Program Files\MiKTeX 2.9\tex/latex/babel-german\germanb.ldf"
Language: germanb 2018/12/08 v2.11 German support for babel (pre-1996 orthography)
 ("C:\Program Files\MiKTeX 2.9\tex/generic/babel\babel.def"
File: babel.def 2019/09/27 3.34 Babel common definitions
\babel@savecnt=\count88
\U@D=\dimen105
 ("C:\Program Files\MiKTeX 2.9\tex/generic/babel\txtbabel.def")
\bbl@dirlevel=\count89
)
\l@austrian = a dialect from \language\l@german 
Package babel Info: Making " an active character on input line 135.
)) ("C:\Program Files\MiKTeX 2.9\tex/latex/babel-english\english.ldf"
Language: english 2017/06/06 v3.3r English support from the babel system
\l@canadian = a dialect from \language\l@american 
\l@australian = a dialect from \language\l@british 
\l@newzealand = a dialect from \language\l@british 
)) ("C:\Program Files\MiKTeX 2.9\tex/latex/base\inputenc.sty"
Package: inputenc 2018/08/11 v1.3c Input encoding file
\inpenc@prehook=\toks15
\inpenc@posthook=\toks16
) (C:\Users\bernh\AppData\Roaming\MiKTeX\2.9\tex/latex/listings\listings.sty
\lst@mode=\count90
\lst@gtempboxa=\box27
\lst@token=\toks17
\lst@length=\count91
\lst@currlwidth=\dimen106
\lst@column=\count92
\lst@pos=\count93
\lst@lostspace=\dimen107
\lst@width=\dimen108
\lst@newlines=\count94
\lst@lineno=\count95
\lst@maxwidth=\dimen109
 (C:\Users\bernh\AppData\Roaming\MiKTeX\2.9\tex/latex/listings\lstmisc.sty
File: lstmisc.sty 2019/09/10 1.8c (Carsten Heinz)
\c@lstnumber=\count96
\lst@skipnumbers=\count97
\lst@framebox=\box28
) (C:\Users\bernh\AppData\Roaming\MiKTeX\2.9\tex/latex/listings\listings.cfg
File: listings.cfg 2019/09/10 1.8c listings configuration
))
Package: listings 2019/09/10 1.8c (Carsten Heinz)
 ("C:\Program Files\MiKTeX 2.9\tex/latex/multirow\multirow.sty"
Package: multirow 2019/05/31 v2.5 Span multiple rows of a table
\multirow@colwidth=\skip43
\multirow@cntb=\count98
\multirow@dima=\skip44
\bigstrutjot=\dimen110
) ("C:\Program Files\MiKTeX 2.9\tex/latex/oberdiek\epstopdf.sty"
Package: epstopdf 2016/05/15 v2.6 Conversion with epstopdf on the fly (HO)
 ("C:\Program Files\MiKTeX 2.9\tex/latex/oberdiek\epstopdf-base.sty"
Package: epstopdf-base 2016/05/15 v2.6 Base part for package epstopdf
 ("C:\Program Files\MiKTeX 2.9\tex/generic/oberdiek\infwarerr.sty"
Package: infwarerr 2016/05/16 v1.4 Providing info/warning/error messages (HO)
) ("C:\Program Files\MiKTeX 2.9\tex/latex/oberdiek\grfext.sty"
Package: grfext 2016/05/16 v1.2 Manage graphics extensions (HO)
 ("C:\Program Files\MiKTeX 2.9\tex/generic/oberdiek\kvdefinekeys.sty"
Package: kvdefinekeys 2016/05/16 v1.4 Define keys (HO)
 ("C:\Program Files\MiKTeX 2.9\tex/generic/oberdiek\ltxcmds.sty"
Package: ltxcmds 2016/05/16 v1.23 LaTeX kernel commands for general use (HO)
))) ("C:\Program Files\MiKTeX 2.9\tex/latex/oberdiek\kvoptions.sty"
Package: kvoptions 2016/05/16 v3.12 Key value format for package options (HO)
 ("C:\Program Files\MiKTeX 2.9\tex/generic/oberdiek\kvsetkeys.sty"
Package: kvsetkeys 2016/05/16 v1.17 Key value parser (HO)
 ("C:\Program Files\MiKTeX 2.9\tex/generic/oberdiek\etexcmds.sty"
Package: etexcmds 2016/05/16 v1.6 Avoid name clashes with e-TeX commands (HO)
 ("C:\Program Files\MiKTeX 2.9\tex/generic/oberdiek\ifluatex.sty"
Package: ifluatex 2016/05/16 v1.4 Provides the ifluatex switch (HO)
Package ifluatex Info: LuaTeX not detected.
)))) ("C:\Program Files\MiKTeX 2.9\tex/generic/oberdiek\pdftexcmds.sty"
Package: pdftexcmds 2019/07/25 v0.30 Utility functions of pdfTeX for LuaTeX (HO)
 ("C:\Program Files\MiKTeX 2.9\tex/generic/oberdiek\ifpdf.sty"
Package: ifpdf 2018/09/07 v3.3 Provides the ifpdf switch
)
Package pdftexcmds Info: LuaTeX not detected.
Package pdftexcmds Info: \pdf@primitive is available.
Package pdftexcmds Info: \pdf@ifprimitive is available.
Package pdftexcmds Info: \pdfdraftmode found.
)
Package epstopdf-base Info: Redefining graphics rule for `.eps' on input line 438.
Package grfext Info: Graphics extension search list:
(grfext)             [.pdf,.png,.jpg,.mps,.jpeg,.jbig2,.jb2,.PDF,.PNG,.JPG,.JPEG,.JBIG2,.JB2,.eps]
(grfext)             \AppendGraphicsExtensions on input line 456.
)) ("C:\Program Files\MiKTeX 2.9\tex/latex/amsmath\amsmath.sty"
Package: amsmath 2019/04/01 v2.17c AMS math features
\@mathmargin=\skip45

For additional information on amsmath, use the `?' option.
("C:\Program Files\MiKTeX 2.9\tex/latex/amsmath\amstext.sty"
Package: amstext 2000/06/29 v2.01 AMS text
 ("C:\Program Files\MiKTeX 2.9\tex/latex/amsmath\amsgen.sty"
File: amsgen.sty 1999/11/30 v2.0 generic functions
\@emptytoks=\toks18
\ex@=\dimen111
)) ("C:\Program Files\MiKTeX 2.9\tex/latex/amsmath\amsbsy.sty"
Package: amsbsy 1999/11/29 v1.2d Bold Symbols
\pmbraise@=\dimen112
) ("C:\Program Files\MiKTeX 2.9\tex/latex/amsmath\amsopn.sty"
Package: amsopn 2016/03/08 v2.02 operator names
)
\inf@bad=\count99
LaTeX Info: Redefining \frac on input line 227.
\uproot@=\count100
\leftroot@=\count101
LaTeX Info: Redefining \overline on input line 389.
\classnum@=\count102
\DOTSCASE@=\count103
LaTeX Info: Redefining \ldots on input line 486.
LaTeX Info: Redefining \dots on input line 489.
LaTeX Info: Redefining \cdots on input line 610.
\Mathstrutbox@=\box29
\strutbox@=\box30
\big@size=\dimen113
LaTeX Font Info:    Redeclaring font encoding OML on input line 733.
LaTeX Font Info:    Redeclaring font encoding OMS on input line 734.
\macc@depth=\count104
\c@MaxMatrixCols=\count105
\dotsspace@=\muskip10
\c@parentequation=\count106
\dspbrk@lvl=\count107
\tag@help=\toks19
\row@=\count108
\column@=\count109
\maxfields@=\count110
\andhelp@=\toks20
\eqnshift@=\dimen114
\alignsep@=\dimen115
\tagshift@=\dimen116
\tagwidth@=\dimen117
\totwidth@=\dimen118
\lineht@=\dimen119
\@envbody=\toks21
\multlinegap=\skip46
\multlinetaggap=\skip47
\mathdisplay@stack=\toks22
LaTeX Info: Redefining \[ on input line 2855.
LaTeX Info: Redefining \] on input line 2856.
) ("C:\Program Files\MiKTeX 2.9\tex/latex/amsfonts\amssymb.sty"
Package: amssymb 2013/01/14 v3.01 AMS font symbols
 ("C:\Program Files\MiKTeX 2.9\tex/latex/amsfonts\amsfonts.sty"
Package: amsfonts 2013/01/14 v3.01 Basic AMSFonts support
\symAMSa=\mathgroup4
\symAMSb=\mathgroup5
LaTeX Font Info:    Redeclaring math symbol \hbar on input line 98.
LaTeX Font Info:    Overwriting math alphabet `\mathfrak' in version `bold'
(Font)                  U/euf/m/n --> U/euf/b/n on input line 106.
))
\c@theaufgabe=\count111
 (C:\Users\bernh\AppData\Roaming\MiKTeX\2.9\tex/latex/listings\lstlang1.sty
File: lstlang1.sty 2019/09/10 1.8c listings language file
) (c:/Github\5Semester\DSV\UE02\Assignment2_34.aux)
\openout1 = `Assignment2_34.aux'.

LaTeX Font Info:    Checking defaults for OML/cmm/m/it on input line 98.
LaTeX Font Info:    ... okay on input line 98.
LaTeX Font Info:    Checking defaults for T1/cmr/m/n on input line 98.
LaTeX Font Info:    ... okay on input line 98.
LaTeX Font Info:    Checking defaults for OT1/cmr/m/n on input line 98.
LaTeX Font Info:    ... okay on input line 98.
LaTeX Font Info:    Checking defaults for OMS/cmsy/m/n on input line 98.
LaTeX Font Info:    ... okay on input line 98.
LaTeX Font Info:    Checking defaults for OMX/cmex/m/n on input line 98.
LaTeX Font Info:    ... okay on input line 98.
LaTeX Font Info:    Checking defaults for U/cmr/m/n on input line 98.
LaTeX Font Info:    ... okay on input line 98.
 (C:\Users\bernh\AppData\Roaming\MiKTeX\2.9\tex/context/base/mkii\supp-pdf.mkii
[Loading MPS to PDF converter (version 2006.09.02).]
\scratchcounter=\count112
\scratchdimen=\dimen120
\scratchbox=\box31
\nofMPsegments=\count113
\nofMParguments=\count114
\everyMPshowfont=\toks23
\MPscratchCnt=\count115
\MPscratchDim=\dimen121
\MPnumerator=\count116
\makeMPintoPDFobject=\count117
\everyMPtoPDFconversion=\toks24
)
\c@lstlisting=\count118
LaTeX Font Info:    Trying to load font information for U+msa on input line 107.
 ("C:\Program Files\MiKTeX 2.9\tex/latex/amsfonts\umsa.fd"
File: umsa.fd 2013/01/14 v3.01 AMS symbols A
)
LaTeX Font Info:    Trying to load font information for U+msb on input line 107.
 ("C:\Program Files\MiKTeX 2.9\tex/latex/amsfonts\umsb.fd"
File: umsb.fd 2013/01/14 v3.01 AMS symbols B
)
<fig/JKU_Logo.pdf, id=1, 653.44125pt x 312.16624pt>
File: fig/JKU_Logo.pdf Graphic file (type pdf)
<use fig/JKU_Logo.pdf>
Package pdftex.def Info: fig/JKU_Logo.pdf  used on input line 111.
(pdftex.def)             Requested size: 95.28995pt x 45.52458pt.

Overfull \vbox (20.87465pt too high) detected at line 111
 []

<fig/ISP-Logo-color-02.png, id=2, 634.0488pt x 341.1144pt>
File: fig/ISP-Logo-color-02.png Graphic file (type png)
<use fig/ISP-Logo-color-02.png>
Package pdftex.def Info: fig/ISP-Logo-color-02.png  used on input line 113.
(pdftex.def)             Requested size: 100.48239pt x 54.06006pt.

Overfull \vbox (29.41013pt too high) detected at line 113
 []


Overfull \hbox (32.60307pt too wide) in paragraph at lines 107--120
[][] 
 []


Underfull \hbox (badness 10000) in paragraph at lines 123--124

 []


LaTeX Font Warning: Font shape `OT1/cmss/m/it' in size <12> not available
(Font)              Font shape `OT1/cmss/m/sl' tried instead on input line 127.


Underfull \hbox (badness 10000) in paragraph at lines 127--128

 []

LaTeX Font Info:    Trying to load font information for OMS+cmr on input line 130.
("C:\Program Files\MiKTeX 2.9\tex/latex/base\omscmr.fd"
File: omscmr.fd 2014/09/29 v2.5h Standard LaTeX font definitions
)
LaTeX Font Info:    Font shape `OMS/cmr/m/n' in size <12> not available
(Font)              Font shape `OMS/cmsy/m/n' tried instead on input line 130.
 [1

{C:/Users/bernh/AppData/Local/MiKTeX/2.9/pdftex/config/pdftex.map} <c:/Github/5Semester/DSV/UE02/fig/JKU_Logo.pdf> <c:/Github/5Semester/DSV/UE02/fig/ISP-Logo-color-02.png>]
<./fig/Aufgabe2_1_b.png, id=23, 1204.5pt x 903.375pt>
File: ./fig/Aufgabe2_1_b.png Graphic file (type png)
<use ./fig/Aufgabe2_1_b.png>
Package pdftex.def Info: ./fig/Aufgabe2_1_b.png  used on input line 178.
(pdftex.def)             Requested size: 1204.49707pt x 903.3728pt.
<./fig/Aufgabe2_1_c.png, id=24, 1204.5pt x 903.375pt>
File: ./fig/Aufgabe2_1_c.png Graphic file (type png)
<use ./fig/Aufgabe2_1_c.png>
Package pdftex.def Info: ./fig/Aufgabe2_1_c.png  used on input line 185.
(pdftex.def)             Requested size: 1204.49707pt x 903.3728pt.

Overfull \hbox (45.86525pt too wide) in paragraph at lines 181--186
[]    [] 
 []

[2 <./fig/Aufgabe2_1_b.png (PNG copy)>] [3 <./fig/Aufgabe2_1_c.png (PNG copy)>]
Underfull \hbox (badness 10000) in paragraph at lines 196--197

 []

<./fig/Aufgabe2_2_a.png, id=31, 565.36218pt x 674.52pt>
File: ./fig/Aufgabe2_2_a.png Graphic file (type png)
<use ./fig/Aufgabe2_2_a.png>
Package pdftex.def Info: ./fig/Aufgabe2_2_a.png  used on input line 205.
(pdftex.def)             Requested size: 565.3608pt x 674.51836pt.
[4 <./fig/Aufgabe2_2_a.png>]
<./fig/Aufgabe2_2_c.png, id=36, 1204.5pt x 903.375pt>
File: ./fig/Aufgabe2_2_c.png Graphic file (type png)
<use ./fig/Aufgabe2_2_c.png>
Package pdftex.def Info: ./fig/Aufgabe2_2_c.png  used on input line 260.
(pdftex.def)             Requested size: 1204.49707pt x 903.3728pt.

Overfull \hbox (40.64308pt too wide) in paragraph at lines 257--262
[]  [] 
 []

[5]
Underfull \hbox (badness 10000) in paragraph at lines 265--266

 []


Underfull \hbox (badness 1789) in paragraph at lines 270--271
\OT1/cmr/m/n/12 ei-ner pro-por-tio-na-len Ant-wort des Aus-gangsi-gna-les f[]uhrt. Die Sy-stem muss al-so dem
 []

[6 <./fig/Aufgabe2_2_c.png (PNG copy)>]
Underfull \hbox (badness 10000) in paragraph at lines 279--280

 []

<./fig/Abtastung15khz.jpg, id=43, 985.05516pt x 190.46156pt>
File: ./fig/Abtastung15khz.jpg Graphic file (type jpg)
<use ./fig/Abtastung15khz.jpg>
Package pdftex.def Info: ./fig/Abtastung15khz.jpg  used on input line 283.
(pdftex.def)             Requested size: 985.05276pt x 190.46107pt.

Overfull \hbox (41.17003pt too wide) in paragraph at lines 281--284
[]  [] 
 []

<./fig/Abtastung15khzResult.jpg, id=44, 992.20688pt x 198.36609pt>
File: ./fig/Abtastung15khzResult.jpg Graphic file (type jpg)
<use ./fig/Abtastung15khzResult.jpg>
Package pdftex.def Info: ./fig/Abtastung15khzResult.jpg  used on input line 289.
(pdftex.def)             Requested size: 992.20447pt x 198.3656pt.

Overfull \hbox (45.46109pt too wide) in paragraph at lines 287--290
[]  [] 
 []

<./fig/Abtastung25khz.jpg, id=45, 976.39781pt x 229.2314pt>
File: ./fig/Abtastung25khz.jpg Graphic file (type jpg)
<use ./fig/Abtastung25khz.jpg>
Package pdftex.def Info: ./fig/Abtastung25khz.jpg  used on input line 300.
(pdftex.def)             Requested size: 976.39543pt x 229.23083pt.

Overfull \hbox (35.97557pt too wide) in paragraph at lines 298--301
[]  [] 
 []

[7 <./fig/Abtastung15khz.jpg> <./fig/Abtastung15khzResult.jpg> <./fig/Abtastung25khz.jpg>] (c:/Github\5Semester\DSV\UE02\Assignment2_34.aux) ) 
Here is how much of TeX's memory you used:
 4834 strings out of 492452
 66040 string characters out of 3129807
 339346 words of memory out of 3000000
 9097 multiletter control sequences out of 15000+200000
 10838 words of font info for 40 fonts, out of 3000000 for 9000
 1141 hyphenation exceptions out of 8191
 48i,14n,40p,548b,303s stack positions out of 5000i,500n,10000p,200000b,50000s
<C:/Program Files/MiKTeX 2.9/fonts/type1/public/amsfonts/cm/cmex10.pfb><C:/Program Files/MiKTeX 2.9/fonts/type1/public/amsfonts/cm/cmmi12.pfb><C:/Program Files/MiKTeX 2.9/fonts/type1/public/amsfonts/cm/cmmi6.pfb><C:/Program Files/MiKTeX 2.9/fonts/type1/public/amsfonts/cm/cmmi8.pfb><C:/Program Files/MiKTeX 2.9/fonts/type1/public/amsfonts/cm/cmr12.pfb><C:/Program Files/MiKTeX 2.9/fonts/type1/public/amsfonts/cm/cmr6.pfb><C:/Program Files/MiKTeX 2.9/fonts/type1/public/amsfonts/cm/cmr8.pfb><C:/Program Files/MiKTeX 2.9/fonts/type1/public/amsfonts/cm/cmssbx10.pfb><C:/Program Files/MiKTeX 2.9/fonts/type1/public/amsfonts/cm/cmsy10.pfb><C:/Program Files/MiKTeX 2.9/fonts/type1/public/amsfonts/cm/cmsy6.pfb><C:/Program Files/MiKTeX 2.9/fonts/type1/public/amsfonts/cm/cmsy8.pfb><C:/Program Files/MiKTeX 2.9/fonts/type1/public/amsfonts/cm/cmti12.pfb>
Output written on c:/Github\5Semester\DSV\UE02\Assignment2_34.pdf (7 pages, 1405721 bytes).
PDF statistics:
 88 PDF objects out of 1000 (max. 8388607)
 0 named destinations out of 1000 (max. 500000)
 46 words of extra memory for PDF output out of 10000 (max. 10000000)

