366 245
172 147
472 193
428 434
414 12
15 164
118 11
108 234
315 133
374 331
127 468
337 85
288 184
455 233
122 300
473 479
417 462
346 157
354 406
229 371
22 337
169 296
353 49
31 497
221 428
371 414
433 87
99 388
386 77
482 389
64 213
144 384
240 121
485 110
155 218
287 354
185 413
223 105
252 378
272 469
213 304
198 361
385 283
163 88
331 412
1 301
95 108
482 19
455 339
243 60
49 405
305 67
377 214
78 257
169 173
140 47
153 334
415 166
274 444
1 120
176 45
179 191
253 424
279 19
286 262
367 490
75 317
367 461
1 37
84 164
369 476
417 288
322 273
244 197
258 280
39 76
97 61
255 95
333 378
229 280
103 441
452 308
55 134
399 400
425 362
345 406
404 33
170 121
463 96
275 489
319 326
41 16
37 424
23 462
40 266
377 170
457 462
247 222
133 263
212 38
