24 282
810 629
889 603
914 312
364 695
1 929
429 76
700 765
914 49
797 504
770 817
275 130
47 772
360 966
46 395
229 885
158 342
803 89
626 883
390 780
868 764
543 488
367 166
213 940
658 497
839 283
215 329
583 627
248 661
86 480
432 652
903 473
434 549
299 345
535 15
29 712
475 675
431 990
606 248
319 753
74 168
849 113
807 770
320 633
881 423
233 547
379 506
802 325
375 561
197 975
364 886
254 355
3 535
716 69
106 80
768 192
285 550
79 983
535 730
354 601
39 94
254 917
862 352
287 41
589 831
3 652
706 667
672 219
406 888
150 156
939 20
555 103
78 701
203 447
50 27
209 30
432 761
61 801
90 958
963 633
522 524
843 839
258 608
713 358
960 429
914 530
723 229
626 177
551 885
670 373
198 699
886 981
203 92
911 860
159 242
351 473
257 784
603 36
626 395
703 156
465 627
121 272
943 893
628 135
213 812
967 350
256 718
919 92
915 205
845 690
542 245
91 625
469 98
361 424
379 233
728 850
311 816
462 57
886 670
658 605
777 934
454 175
151 579
379 371
753 648
615 511
699 20
611 737
612 101
346 52
288 178
535 395
325 947
852 947
404 940
472 533
50 869
289 703
153 734
552 588
778 564
236 842
301 274
865 507
647 24
679 393
891 159
697 106
754 99
150 481
110 881
235 395
829 914
512 180
71 836
699 564
140 839
190 842
437 843
486 325
666 961
88 306
56 908
708 919
29 446
946 802
495 724
370 282
86 232
966 237
501 804
272 458
677 37
720 480
315 888
586 297
179 524
384 45
507 358
558 440
94 365
974 142
127 128
429 891
977 938
769 496
646 329
1 188
631 679
887 720
931 762
467 791
820 115
528 947
466 262
760 338
224 207
50 585
648 775
164 643
